[2024-06-03T09:19:40.816+0000] {local_task_job_runner.py:120} INFO - ::group::Pre task execution logs
[2024-06-03T09:19:40.833+0000] {taskinstance.py:2076} INFO - Dependencies all met for dep_context=non-requeueable deps ti=<TaskInstance: my_first_dag.tsk_send_file_to_s3 manual__2024-06-03T09:19:34.266038+00:00 [queued]>
[2024-06-03T09:19:40.840+0000] {taskinstance.py:2076} INFO - Dependencies all met for dep_context=requeueable deps ti=<TaskInstance: my_first_dag.tsk_send_file_to_s3 manual__2024-06-03T09:19:34.266038+00:00 [queued]>
[2024-06-03T09:19:40.840+0000] {taskinstance.py:2306} INFO - Starting attempt 1 of 3
[2024-06-03T09:19:40.856+0000] {taskinstance.py:2330} INFO - Executing <Task(BashOperator): tsk_send_file_to_s3> on 2024-06-03 09:19:34.266038+00:00
[2024-06-03T09:19:40.861+0000] {standard_task_runner.py:63} INFO - Started process 5374 to run task
[2024-06-03T09:19:40.864+0000] {standard_task_runner.py:90} INFO - Running: ['airflow', 'tasks', 'run', 'my_first_dag', 'tsk_send_file_to_s3', 'manual__2024-06-03T09:19:34.266038+00:00', '--job-id', '49', '--raw', '--subdir', 'DAGS_FOLDER/myfirstdag.py', '--cfg-path', '/tmp/tmp8w88yjvy']
[2024-06-03T09:19:40.865+0000] {standard_task_runner.py:91} INFO - Job 49: Subtask tsk_send_file_to_s3
[2024-06-03T09:19:40.903+0000] {task_command.py:426} INFO - Running <TaskInstance: my_first_dag.tsk_send_file_to_s3 manual__2024-06-03T09:19:34.266038+00:00 [running]> on host ip-172-31-35-145.ap-southeast-1.compute.internal
[2024-06-03T09:19:40.981+0000] {taskinstance.py:2648} INFO - Exporting env vars: AIRFLOW_CTX_DAG_EMAIL='airflow@example.com' AIRFLOW_CTX_DAG_OWNER='jeqiu' AIRFLOW_CTX_DAG_ID='my_first_dag' AIRFLOW_CTX_TASK_ID='tsk_send_file_to_s3' AIRFLOW_CTX_EXECUTION_DATE='2024-06-03T09:19:34.266038+00:00' AIRFLOW_CTX_TRY_NUMBER='1' AIRFLOW_CTX_DAG_RUN_ID='manual__2024-06-03T09:19:34.266038+00:00'
[2024-06-03T09:19:40.981+0000] {taskinstance.py:430} INFO - ::endgroup::
[2024-06-03T09:19:40.994+0000] {subprocess.py:63} INFO - Tmp dir root location: /tmp
[2024-06-03T09:19:40.995+0000] {subprocess.py:75} INFO - Running command: ['/usr/bin/bash', '-c', 'aws s3 mv /home/ubuntu/response_data_03062024091937.json s3://jqiu-landing-zone-first-dag-project']
[2024-06-03T09:19:41.002+0000] {subprocess.py:86} INFO - Output:
[2024-06-03T09:19:42.445+0000] {subprocess.py:93} INFO - Completed 55.8 KiB/55.8 KiB (61.1 KiB/s) with 1 file(s) remainingmove: ../../home/ubuntu/response_data_03062024091937.json to s3://jqiu-landing-zone-first-dag-project/response_data_03062024091937.json
[2024-06-03T09:19:42.522+0000] {subprocess.py:97} INFO - Command exited with return code 0
[2024-06-03T09:19:42.523+0000] {taskinstance.py:441} INFO - ::group::Post task execution logs
[2024-06-03T09:19:42.545+0000] {taskinstance.py:1206} INFO - Marking task as SUCCESS. dag_id=my_first_dag, task_id=tsk_send_file_to_s3, run_id=manual__2024-06-03T09:19:34.266038+00:00, execution_date=20240603T091934, start_date=20240603T091940, end_date=20240603T091942
[2024-06-03T09:19:42.683+0000] {local_task_job_runner.py:240} INFO - Task exited with return code 0
[2024-06-03T09:19:42.695+0000] {taskinstance.py:3498} INFO - 0 downstream tasks scheduled from follow-on schedule check
[2024-06-03T09:19:42.695+0000] {local_task_job_runner.py:222} INFO - ::endgroup::
