[2024-06-03T09:05:32.263+0000] {local_task_job_runner.py:120} INFO - ::group::Pre task execution logs
[2024-06-03T09:05:32.280+0000] {taskinstance.py:2076} INFO - Dependencies all met for dep_context=non-requeueable deps ti=<TaskInstance: my_first_dag.tsk_send_file_to_s3 manual__2024-06-03T09:05:26.998155+00:00 [queued]>
[2024-06-03T09:05:32.286+0000] {taskinstance.py:2076} INFO - Dependencies all met for dep_context=requeueable deps ti=<TaskInstance: my_first_dag.tsk_send_file_to_s3 manual__2024-06-03T09:05:26.998155+00:00 [queued]>
[2024-06-03T09:05:32.286+0000] {taskinstance.py:2306} INFO - Starting attempt 1 of 3
[2024-06-03T09:05:32.303+0000] {taskinstance.py:2330} INFO - Executing <Task(BashOperator): tsk_send_file_to_s3> on 2024-06-03 09:05:26.998155+00:00
[2024-06-03T09:05:32.308+0000] {standard_task_runner.py:63} INFO - Started process 5303 to run task
[2024-06-03T09:05:32.311+0000] {standard_task_runner.py:90} INFO - Running: ['airflow', 'tasks', 'run', 'my_first_dag', 'tsk_send_file_to_s3', 'manual__2024-06-03T09:05:26.998155+00:00', '--job-id', '45', '--raw', '--subdir', 'DAGS_FOLDER/myfirstdag.py', '--cfg-path', '/tmp/tmp24mm7lt3']
[2024-06-03T09:05:32.312+0000] {standard_task_runner.py:91} INFO - Job 45: Subtask tsk_send_file_to_s3
[2024-06-03T09:05:32.352+0000] {task_command.py:426} INFO - Running <TaskInstance: my_first_dag.tsk_send_file_to_s3 manual__2024-06-03T09:05:26.998155+00:00 [running]> on host ip-172-31-35-145.ap-southeast-1.compute.internal
[2024-06-03T09:05:32.430+0000] {taskinstance.py:2648} INFO - Exporting env vars: AIRFLOW_CTX_DAG_EMAIL='airflow@example.com' AIRFLOW_CTX_DAG_OWNER='jeqiu' AIRFLOW_CTX_DAG_ID='my_first_dag' AIRFLOW_CTX_TASK_ID='tsk_send_file_to_s3' AIRFLOW_CTX_EXECUTION_DATE='2024-06-03T09:05:26.998155+00:00' AIRFLOW_CTX_TRY_NUMBER='1' AIRFLOW_CTX_DAG_RUN_ID='manual__2024-06-03T09:05:26.998155+00:00'
[2024-06-03T09:05:32.430+0000] {taskinstance.py:430} INFO - ::endgroup::
[2024-06-03T09:05:32.443+0000] {subprocess.py:63} INFO - Tmp dir root location: /tmp
[2024-06-03T09:05:32.444+0000] {subprocess.py:75} INFO - Running command: ['/usr/bin/bash', '-c', 'aws s3 mv /home/ubuntu/response_data_03062024090528.json s3://jqiu-landing-zone-first-dag-project']
[2024-06-03T09:05:32.451+0000] {subprocess.py:86} INFO - Output:
[2024-06-03T09:05:33.793+0000] {subprocess.py:93} INFO - Completed 55.9 KiB/55.9 KiB (69.6 KiB/s) with 1 file(s) remainingmove: ../../home/ubuntu/response_data_03062024090528.json to s3://jqiu-landing-zone-first-dag-project/response_data_03062024090528.json
[2024-06-03T09:05:33.888+0000] {subprocess.py:97} INFO - Command exited with return code 0
[2024-06-03T09:05:33.889+0000] {taskinstance.py:441} INFO - ::group::Post task execution logs
[2024-06-03T09:05:33.912+0000] {taskinstance.py:1206} INFO - Marking task as SUCCESS. dag_id=my_first_dag, task_id=tsk_send_file_to_s3, run_id=manual__2024-06-03T09:05:26.998155+00:00, execution_date=20240603T090526, start_date=20240603T090532, end_date=20240603T090533
[2024-06-03T09:05:34.050+0000] {local_task_job_runner.py:240} INFO - Task exited with return code 0
[2024-06-03T09:05:34.061+0000] {taskinstance.py:3498} INFO - 0 downstream tasks scheduled from follow-on schedule check
[2024-06-03T09:05:34.062+0000] {local_task_job_runner.py:222} INFO - ::endgroup::
