[2024-06-03T06:43:34.372+0000] {processor.py:161} INFO - Started process (PID=3349) to work on /home/ubuntu/e2e_venv/lib/python3.12/site-packages/airflow/example_dags/example_xcomargs.py
[2024-06-03T06:43:34.373+0000] {processor.py:830} INFO - Processing file /home/ubuntu/e2e_venv/lib/python3.12/site-packages/airflow/example_dags/example_xcomargs.py for tasks to queue
[2024-06-03T06:43:34.375+0000] {logging_mixin.py:188} INFO - [2024-06-03T06:43:34.374+0000] {dagbag.py:545} INFO - Filling up the DagBag from /home/ubuntu/e2e_venv/lib/python3.12/site-packages/airflow/example_dags/example_xcomargs.py
[2024-06-03T06:43:34.387+0000] {processor.py:840} INFO - DAG(s) 'example_xcom_args', 'example_xcom_args_with_operators' retrieved from /home/ubuntu/e2e_venv/lib/python3.12/site-packages/airflow/example_dags/example_xcomargs.py
[2024-06-03T06:43:34.513+0000] {logging_mixin.py:188} INFO - [2024-06-03T06:43:34.512+0000] {override.py:1829} INFO - Created Permission View: can delete on DAG:example_xcom_args
[2024-06-03T06:43:34.527+0000] {logging_mixin.py:188} INFO - [2024-06-03T06:43:34.527+0000] {override.py:1829} INFO - Created Permission View: can edit on DAG:example_xcom_args
[2024-06-03T06:43:34.537+0000] {logging_mixin.py:188} INFO - [2024-06-03T06:43:34.537+0000] {override.py:1829} INFO - Created Permission View: can read on DAG:example_xcom_args
[2024-06-03T06:43:34.562+0000] {logging_mixin.py:188} INFO - [2024-06-03T06:43:34.562+0000] {override.py:1829} INFO - Created Permission View: can delete on DAG:example_xcom_args_with_operators
[2024-06-03T06:43:34.574+0000] {logging_mixin.py:188} INFO - [2024-06-03T06:43:34.573+0000] {override.py:1829} INFO - Created Permission View: can edit on DAG:example_xcom_args_with_operators
[2024-06-03T06:43:34.586+0000] {logging_mixin.py:188} INFO - [2024-06-03T06:43:34.585+0000] {override.py:1829} INFO - Created Permission View: can read on DAG:example_xcom_args_with_operators
[2024-06-03T06:43:34.586+0000] {logging_mixin.py:188} INFO - [2024-06-03T06:43:34.586+0000] {dag.py:3096} INFO - Sync 2 DAGs
[2024-06-03T06:43:34.597+0000] {logging_mixin.py:188} INFO - [2024-06-03T06:43:34.597+0000] {dag.py:3118} INFO - Creating ORM DAG for example_xcom_args_with_operators
[2024-06-03T06:43:34.598+0000] {logging_mixin.py:188} INFO - [2024-06-03T06:43:34.598+0000] {dag.py:3118} INFO - Creating ORM DAG for example_xcom_args
[2024-06-03T06:43:34.599+0000] {logging_mixin.py:188} INFO - [2024-06-03T06:43:34.598+0000] {dag.py:3954} INFO - Setting next_dagrun for example_xcom_args to None, run_after=None
[2024-06-03T06:43:34.599+0000] {logging_mixin.py:188} INFO - [2024-06-03T06:43:34.599+0000] {dag.py:3954} INFO - Setting next_dagrun for example_xcom_args_with_operators to None, run_after=None
[2024-06-03T06:43:34.624+0000] {processor.py:183} INFO - Processing /home/ubuntu/e2e_venv/lib/python3.12/site-packages/airflow/example_dags/example_xcomargs.py took 0.257 seconds
[2024-06-03T06:44:35.241+0000] {processor.py:161} INFO - Started process (PID=3403) to work on /home/ubuntu/e2e_venv/lib/python3.12/site-packages/airflow/example_dags/example_xcomargs.py
[2024-06-03T06:44:35.242+0000] {processor.py:830} INFO - Processing file /home/ubuntu/e2e_venv/lib/python3.12/site-packages/airflow/example_dags/example_xcomargs.py for tasks to queue
[2024-06-03T06:44:35.244+0000] {logging_mixin.py:188} INFO - [2024-06-03T06:44:35.244+0000] {dagbag.py:545} INFO - Filling up the DagBag from /home/ubuntu/e2e_venv/lib/python3.12/site-packages/airflow/example_dags/example_xcomargs.py
[2024-06-03T06:44:35.254+0000] {processor.py:840} INFO - DAG(s) 'example_xcom_args_with_operators', 'example_xcom_args' retrieved from /home/ubuntu/e2e_venv/lib/python3.12/site-packages/airflow/example_dags/example_xcomargs.py
[2024-06-03T06:44:35.274+0000] {logging_mixin.py:188} INFO - [2024-06-03T06:44:35.274+0000] {dag.py:3096} INFO - Sync 2 DAGs
[2024-06-03T06:44:35.287+0000] {logging_mixin.py:188} INFO - [2024-06-03T06:44:35.287+0000] {dag.py:3954} INFO - Setting next_dagrun for example_xcom_args to None, run_after=None
[2024-06-03T06:44:35.291+0000] {logging_mixin.py:188} INFO - [2024-06-03T06:44:35.290+0000] {dag.py:3954} INFO - Setting next_dagrun for example_xcom_args_with_operators to None, run_after=None
[2024-06-03T06:44:35.336+0000] {processor.py:183} INFO - Processing /home/ubuntu/e2e_venv/lib/python3.12/site-packages/airflow/example_dags/example_xcomargs.py took 0.101 seconds
