[2024-06-03T06:43:46.451+0000] {processor.py:161} INFO - Started process (PID=3359) to work on /home/ubuntu/e2e_venv/lib/python3.12/site-packages/airflow/example_dags/example_subdag_operator.py
[2024-06-03T06:43:46.452+0000] {processor.py:830} INFO - Processing file /home/ubuntu/e2e_venv/lib/python3.12/site-packages/airflow/example_dags/example_subdag_operator.py for tasks to queue
[2024-06-03T06:43:46.453+0000] {logging_mixin.py:188} INFO - [2024-06-03T06:43:46.453+0000] {dagbag.py:545} INFO - Filling up the DagBag from /home/ubuntu/e2e_venv/lib/python3.12/site-packages/airflow/example_dags/example_subdag_operator.py
[2024-06-03T06:43:46.475+0000] {processor.py:840} INFO - DAG(s) 'example_subdag_operator.section-1', 'example_subdag_operator.section-2', 'example_subdag_operator' retrieved from /home/ubuntu/e2e_venv/lib/python3.12/site-packages/airflow/example_dags/example_subdag_operator.py
[2024-06-03T06:43:46.597+0000] {logging_mixin.py:188} INFO - [2024-06-03T06:43:46.596+0000] {override.py:1829} INFO - Created Permission View: can delete on DAG:example_subdag_operator
[2024-06-03T06:43:46.611+0000] {logging_mixin.py:188} INFO - [2024-06-03T06:43:46.611+0000] {override.py:1829} INFO - Created Permission View: can edit on DAG:example_subdag_operator
[2024-06-03T06:43:46.622+0000] {logging_mixin.py:188} INFO - [2024-06-03T06:43:46.622+0000] {override.py:1829} INFO - Created Permission View: can read on DAG:example_subdag_operator
[2024-06-03T06:43:46.623+0000] {logging_mixin.py:188} INFO - [2024-06-03T06:43:46.623+0000] {dag.py:3096} INFO - Sync 3 DAGs
[2024-06-03T06:43:46.634+0000] {logging_mixin.py:188} INFO - [2024-06-03T06:43:46.634+0000] {dag.py:3118} INFO - Creating ORM DAG for example_subdag_operator.section-2
[2024-06-03T06:43:46.635+0000] {logging_mixin.py:188} INFO - [2024-06-03T06:43:46.635+0000] {dag.py:3118} INFO - Creating ORM DAG for example_subdag_operator
[2024-06-03T06:43:46.636+0000] {logging_mixin.py:188} INFO - [2024-06-03T06:43:46.636+0000] {dag.py:3118} INFO - Creating ORM DAG for example_subdag_operator.section-1
[2024-06-03T06:43:46.645+0000] {logging_mixin.py:188} INFO - [2024-06-03T06:43:46.644+0000] {dag.py:3954} INFO - Setting next_dagrun for example_subdag_operator to 2022-01-01 00:00:00+00:00, run_after=2022-01-01 00:00:00+00:00
[2024-06-03T06:43:46.645+0000] {logging_mixin.py:188} INFO - [2024-06-03T06:43:46.645+0000] {dag.py:3954} INFO - Setting next_dagrun for example_subdag_operator.section-1 to None, run_after=None
[2024-06-03T06:43:46.646+0000] {logging_mixin.py:188} INFO - [2024-06-03T06:43:46.646+0000] {dag.py:3954} INFO - Setting next_dagrun for example_subdag_operator.section-2 to None, run_after=None
[2024-06-03T06:43:46.652+0000] {logging_mixin.py:188} INFO - [2024-06-03T06:43:46.652+0000] {dag.py:3096} INFO - Sync 2 DAGs
[2024-06-03T06:43:46.656+0000] {logging_mixin.py:188} INFO - [2024-06-03T06:43:46.656+0000] {dag.py:3954} INFO - Setting next_dagrun for example_subdag_operator.section-1 to None, run_after=None
[2024-06-03T06:43:46.659+0000] {logging_mixin.py:188} INFO - [2024-06-03T06:43:46.659+0000] {dag.py:3954} INFO - Setting next_dagrun for example_subdag_operator.section-2 to None, run_after=None
[2024-06-03T06:43:46.678+0000] {processor.py:183} INFO - Processing /home/ubuntu/e2e_venv/lib/python3.12/site-packages/airflow/example_dags/example_subdag_operator.py took 0.234 seconds
[2024-06-03T06:44:45.647+0000] {processor.py:161} INFO - Started process (PID=3413) to work on /home/ubuntu/e2e_venv/lib/python3.12/site-packages/airflow/example_dags/example_subdag_operator.py
[2024-06-03T06:44:45.649+0000] {processor.py:830} INFO - Processing file /home/ubuntu/e2e_venv/lib/python3.12/site-packages/airflow/example_dags/example_subdag_operator.py for tasks to queue
[2024-06-03T06:44:45.651+0000] {logging_mixin.py:188} INFO - [2024-06-03T06:44:45.650+0000] {dagbag.py:545} INFO - Filling up the DagBag from /home/ubuntu/e2e_venv/lib/python3.12/site-packages/airflow/example_dags/example_subdag_operator.py
[2024-06-03T06:44:45.681+0000] {processor.py:840} INFO - DAG(s) 'example_subdag_operator.section-1', 'example_subdag_operator.section-2', 'example_subdag_operator' retrieved from /home/ubuntu/e2e_venv/lib/python3.12/site-packages/airflow/example_dags/example_subdag_operator.py
[2024-06-03T06:44:45.697+0000] {logging_mixin.py:188} INFO - [2024-06-03T06:44:45.697+0000] {dag.py:3096} INFO - Sync 3 DAGs
[2024-06-03T06:44:45.719+0000] {logging_mixin.py:188} INFO - [2024-06-03T06:44:45.719+0000] {dag.py:3954} INFO - Setting next_dagrun for example_subdag_operator to 2022-01-01 00:00:00+00:00, run_after=2022-01-01 00:00:00+00:00
[2024-06-03T06:44:45.723+0000] {logging_mixin.py:188} INFO - [2024-06-03T06:44:45.722+0000] {dag.py:3954} INFO - Setting next_dagrun for example_subdag_operator.section-1 to None, run_after=None
[2024-06-03T06:44:45.724+0000] {logging_mixin.py:188} INFO - [2024-06-03T06:44:45.723+0000] {dag.py:3954} INFO - Setting next_dagrun for example_subdag_operator.section-2 to None, run_after=None
[2024-06-03T06:44:45.729+0000] {logging_mixin.py:188} INFO - [2024-06-03T06:44:45.729+0000] {dag.py:3096} INFO - Sync 2 DAGs
[2024-06-03T06:44:45.733+0000] {logging_mixin.py:188} INFO - [2024-06-03T06:44:45.733+0000] {dag.py:3954} INFO - Setting next_dagrun for example_subdag_operator.section-1 to None, run_after=None
[2024-06-03T06:44:45.734+0000] {logging_mixin.py:188} INFO - [2024-06-03T06:44:45.734+0000] {dag.py:3954} INFO - Setting next_dagrun for example_subdag_operator.section-2 to None, run_after=None
[2024-06-03T06:44:45.750+0000] {processor.py:183} INFO - Processing /home/ubuntu/e2e_venv/lib/python3.12/site-packages/airflow/example_dags/example_subdag_operator.py took 0.108 seconds
