[2024-06-03T08:04:26.313+0000] {local_task_job_runner.py:120} INFO - ::group::Pre task execution logs
[2024-06-03T08:04:26.329+0000] {taskinstance.py:2076} INFO - Dependencies all met for dep_context=non-requeueable deps ti=<TaskInstance: my_first_dag.tsk_send_file_to_s3 manual__2024-06-03T07:56:02.644497+00:00 [queued]>
[2024-06-03T08:04:26.336+0000] {taskinstance.py:2076} INFO - Dependencies all met for dep_context=requeueable deps ti=<TaskInstance: my_first_dag.tsk_send_file_to_s3 manual__2024-06-03T07:56:02.644497+00:00 [queued]>
[2024-06-03T08:04:26.336+0000] {taskinstance.py:2306} INFO - Starting attempt 4 of 6
[2024-06-03T08:04:26.352+0000] {taskinstance.py:2330} INFO - Executing <Task(BashOperator): tsk_send_file_to_s3> on 2024-06-03 07:56:02.644497+00:00
[2024-06-03T08:04:26.356+0000] {standard_task_runner.py:63} INFO - Started process 4989 to run task
[2024-06-03T08:04:26.359+0000] {standard_task_runner.py:90} INFO - Running: ['airflow', 'tasks', 'run', 'my_first_dag', 'tsk_send_file_to_s3', 'manual__2024-06-03T07:56:02.644497+00:00', '--job-id', '27', '--raw', '--subdir', 'DAGS_FOLDER/myfirstdag.py', '--cfg-path', '/tmp/tmp9fjcbruc']
[2024-06-03T08:04:26.360+0000] {standard_task_runner.py:91} INFO - Job 27: Subtask tsk_send_file_to_s3
[2024-06-03T08:04:26.400+0000] {task_command.py:426} INFO - Running <TaskInstance: my_first_dag.tsk_send_file_to_s3 manual__2024-06-03T07:56:02.644497+00:00 [running]> on host ip-172-31-35-145.ap-southeast-1.compute.internal
[2024-06-03T08:04:26.468+0000] {taskinstance.py:2648} INFO - Exporting env vars: AIRFLOW_CTX_DAG_EMAIL='airflow@example.com' AIRFLOW_CTX_DAG_OWNER='jeqiu' AIRFLOW_CTX_DAG_ID='my_first_dag' AIRFLOW_CTX_TASK_ID='tsk_send_file_to_s3' AIRFLOW_CTX_EXECUTION_DATE='2024-06-03T07:56:02.644497+00:00' AIRFLOW_CTX_TRY_NUMBER='4' AIRFLOW_CTX_DAG_RUN_ID='manual__2024-06-03T07:56:02.644497+00:00'
[2024-06-03T08:04:26.469+0000] {taskinstance.py:430} INFO - ::endgroup::
[2024-06-03T08:04:26.482+0000] {subprocess.py:63} INFO - Tmp dir root location: /tmp
[2024-06-03T08:04:26.483+0000] {subprocess.py:75} INFO - Running command: ['/usr/bin/bash', '-c', 'aws s3 mv /home/ubuntu/response_data_03062024075605.json s3://jqiu-landing-zone-first-dag-project']
[2024-06-03T08:04:26.490+0000] {subprocess.py:86} INFO - Output:
[2024-06-03T08:04:27.833+0000] {subprocess.py:93} INFO - Completed 55.9 KiB/55.9 KiB (69.4 KiB/s) with 1 file(s) remainingmove: ../../home/ubuntu/response_data_03062024075605.json to s3://jqiu-landing-zone-first-dag-project/response_data_03062024075605.json
[2024-06-03T08:04:27.907+0000] {subprocess.py:97} INFO - Command exited with return code 0
[2024-06-03T08:04:27.908+0000] {taskinstance.py:441} INFO - ::group::Post task execution logs
[2024-06-03T08:04:27.931+0000] {taskinstance.py:1206} INFO - Marking task as SUCCESS. dag_id=my_first_dag, task_id=tsk_send_file_to_s3, run_id=manual__2024-06-03T07:56:02.644497+00:00, execution_date=20240603T075602, start_date=20240603T080426, end_date=20240603T080427
[2024-06-03T08:04:28.058+0000] {local_task_job_runner.py:240} INFO - Task exited with return code 0
[2024-06-03T08:04:28.069+0000] {taskinstance.py:3498} INFO - 0 downstream tasks scheduled from follow-on schedule check
[2024-06-03T08:04:28.070+0000] {local_task_job_runner.py:222} INFO - ::endgroup::
