2024-06-03 06:41:25.980 [info] Extension host with pid 2122 started
2024-06-03 06:41:26.026 [info] ExtensionService#_doActivateExtension vscode.git-base, startup: true, activationEvent: '*', root cause: vscode.git
2024-06-03 06:41:26.049 [info] Lock '/home/ubuntu/.vscode-server/data/User/workspaceStorage/43fd08a3e8811489136dc1fa5bb435e4/vscode.lock': Lock acquired.
2024-06-03 06:41:26.093 [info] ExtensionService#_doActivateExtension vscode.git, startup: true, activationEvent: '*'
2024-06-03 06:41:26.094 [info] ExtensionService#_doActivateExtension vscode.github, startup: true, activationEvent: '*'
2024-06-03 06:41:26.513 [info] Eager extensions activated
2024-06-03 06:41:26.513 [info] ExtensionService#_doActivateExtension vscode.debug-auto-launch, startup: false, activationEvent: 'onStartupFinished'
2024-06-03 06:41:26.514 [info] ExtensionService#_doActivateExtension vscode.merge-conflict, startup: false, activationEvent: 'onStartupFinished'
2024-06-03 06:44:15.242 [info] ExtensionService#_doActivateExtension vscode.emmet, startup: false, activationEvent: 'onLanguage'
2024-06-03 07:00:15.179 [info] ExtensionService#_doActivateExtension ms-python.python, startup: false, activationEvent: 'onLanguage:python', root cause: ms-python.debugpy
2024-06-03 07:00:15.762 [info] ExtensionService#_doActivateExtension ms-python.debugpy, startup: false, activationEvent: 'onLanguage:python'
2024-06-03 07:00:15.762 [info] ExtensionService#_doActivateExtension ms-python.vscode-pylance, startup: false, activationEvent: 'onLanguage:python'
2024-06-03 07:17:55.385 [info] ExtensionService#_doActivateExtension vscode.extension-editing, startup: false, activationEvent: 'onLanguage:json'
2024-06-03 07:17:55.386 [info] ExtensionService#_doActivateExtension vscode.json-language-features, startup: false, activationEvent: 'onLanguage:json'
2024-06-03 07:17:55.386 [info] ExtensionService#_doActivateExtension vscode.npm, startup: false, activationEvent: 'onLanguage:json'
2024-06-03 09:07:01.737 [error] [ms-python.python] provider FAILED
2024-06-03 09:07:01.737 [error] Error: Request textDocument/codeAction failed with message: index is out of range
	at ae (/home/ubuntu/.vscode-server/extensions/ms-python.python-2024.6.0/out/client/extension.js:2:2310430)
	at oe (/home/ubuntu/.vscode-server/extensions/ms-python.python-2024.6.0/out/client/extension.js:2:2308390)
	at Immediate.<anonymous> (/home/ubuntu/.vscode-server/extensions/ms-python.python-2024.6.0/out/client/extension.js:2:2304684)
	at process.processImmediate (node:internal/timers:476:21)
2024-06-03 09:24:26.139 [warning] [Decorations] CAPPING events from decorations provider vscode.git 10000
2024-06-03 09:24:28.034 [warning] [Decorations] CAPPING events from decorations provider vscode.git 10000
