[2024-06-03T10:05:40.836+0000] {local_task_job_runner.py:120} INFO - ::group::Pre task execution logs
[2024-06-03T10:05:40.845+0000] {taskinstance.py:2076} INFO - Dependencies all met for dep_context=non-requeueable deps ti=<TaskInstance: my_first_dag.tsk_check_final_s3 manual__2024-06-03T10:05:30.539669+00:00 [queued]>
[2024-06-03T10:05:40.852+0000] {taskinstance.py:2076} INFO - Dependencies all met for dep_context=requeueable deps ti=<TaskInstance: my_first_dag.tsk_check_final_s3 manual__2024-06-03T10:05:30.539669+00:00 [queued]>
[2024-06-03T10:05:40.852+0000] {taskinstance.py:2306} INFO - Starting attempt 1 of 3
[2024-06-03T10:05:40.867+0000] {taskinstance.py:2330} INFO - Executing <Task(S3KeySensor): tsk_check_final_s3> on 2024-06-03 10:05:30.539669+00:00
[2024-06-03T10:05:40.871+0000] {standard_task_runner.py:63} INFO - Started process 6801 to run task
[2024-06-03T10:05:40.874+0000] {standard_task_runner.py:90} INFO - Running: ['airflow', 'tasks', 'run', 'my_first_dag', 'tsk_check_final_s3', 'manual__2024-06-03T10:05:30.539669+00:00', '--job-id', '60', '--raw', '--subdir', 'DAGS_FOLDER/myfirstdag.py', '--cfg-path', '/tmp/tmpdasomaix']
[2024-06-03T10:05:40.875+0000] {standard_task_runner.py:91} INFO - Job 60: Subtask tsk_check_final_s3
[2024-06-03T10:05:40.910+0000] {task_command.py:426} INFO - Running <TaskInstance: my_first_dag.tsk_check_final_s3 manual__2024-06-03T10:05:30.539669+00:00 [running]> on host ip-172-31-35-145.ap-southeast-1.compute.internal
[2024-06-03T10:05:40.984+0000] {taskinstance.py:2648} INFO - Exporting env vars: AIRFLOW_CTX_DAG_EMAIL='airflow@example.com' AIRFLOW_CTX_DAG_OWNER='jeqiu' AIRFLOW_CTX_DAG_ID='my_first_dag' AIRFLOW_CTX_TASK_ID='tsk_check_final_s3' AIRFLOW_CTX_EXECUTION_DATE='2024-06-03T10:05:30.539669+00:00' AIRFLOW_CTX_TRY_NUMBER='1' AIRFLOW_CTX_DAG_RUN_ID='manual__2024-06-03T10:05:30.539669+00:00'
[2024-06-03T10:05:40.985+0000] {taskinstance.py:430} INFO - ::endgroup::
[2024-06-03T10:05:40.998+0000] {baseoperator.py:399} WARNING - S3KeySensor.execute cannot be called outside TaskInstance!
[2024-06-03T10:05:40.998+0000] {s3.py:110} INFO - Poking for key : s3://jqiu-transformed-data-zone-first-dag-project/response_data_03062024100533.csv
[2024-06-03T10:05:41.003+0000] {base.py:84} INFO - Using connection ID 'aws_conn_s3' for task execution.
[2024-06-03T10:05:41.004+0000] {connection_wrapper.py:384} INFO - AWS Connection (conn_id='aws_conn_s3', conn_type='aws') credentials retrieved from login and password.
[2024-06-03T10:05:47.051+0000] {s3.py:110} INFO - Poking for key : s3://jqiu-transformed-data-zone-first-dag-project/response_data_03062024100533.csv
[2024-06-03T10:05:52.060+0000] {s3.py:110} INFO - Poking for key : s3://jqiu-transformed-data-zone-first-dag-project/response_data_03062024100533.csv
[2024-06-03T10:05:52.077+0000] {base.py:294} INFO - Success criteria met. Exiting.
[2024-06-03T10:05:52.077+0000] {taskinstance.py:441} INFO - ::group::Post task execution logs
[2024-06-03T10:05:52.082+0000] {taskinstance.py:1206} INFO - Marking task as SUCCESS. dag_id=my_first_dag, task_id=tsk_check_final_s3, run_id=manual__2024-06-03T10:05:30.539669+00:00, execution_date=20240603T100530, start_date=20240603T100540, end_date=20240603T100552
[2024-06-03T10:05:52.119+0000] {local_task_job_runner.py:240} INFO - Task exited with return code 0
[2024-06-03T10:05:52.129+0000] {taskinstance.py:3498} INFO - 0 downstream tasks scheduled from follow-on schedule check
[2024-06-03T10:05:52.129+0000] {local_task_job_runner.py:222} INFO - ::endgroup::
