2024-06-03 07:00:16.356 [info] Experiment 'pythonaa' is active
2024-06-03 07:00:16.356 [info] Experiment 'pythonCreateEnvOnPipInstall' is active
2024-06-03 07:00:16.356 [info] Experiment 'pythonRecommendTensorboardExt' is active
2024-06-03 07:00:16.356 [info] Experiment 'pythonTerminalEnvVarActivation' is active
2024-06-03 07:00:16.356 [info] Experiment 'pythonTestAdapter' is active
2024-06-03 07:00:16.356 [info] Default formatter is set to null for workspace /home/ubuntu
2024-06-03 07:00:16.356 [info] > hatch env show --json
2024-06-03 07:00:16.356 [info] cwd: .
2024-06-03 07:00:16.356 [warning] Failed to check if /opt/homebrew/bin/python3 is an executable [Error: ENOENT: no such file or directory, lstat '/opt/homebrew/bin/python3'] {
  errno: -2,
  code: 'ENOENT',
  syscall: 'lstat',
  path: '/opt/homebrew/bin/python3'
}
2024-06-03 07:00:16.361 [warning] Identifier for virt-virtualenv failed to identify /opt/homebrew/bin/python3 [Error: ENOENT: no such file or directory, scandir '/opt/homebrew/bin'] {
  errno: -2,
  code: 'ENOENT',
  syscall: 'scandir',
  path: '/opt/homebrew/bin'
}
2024-06-03 07:00:16.362 [warning] Identifier for virt-virtualenv failed to identify /opt/homebrew/bin/python3 [Error: ENOENT: no such file or directory, scandir '/opt/homebrew/bin'] {
  errno: -2,
  code: 'ENOENT',
  syscall: 'scandir',
  path: '/opt/homebrew/bin'
}
2024-06-03 07:00:16.385 [info] > /opt/homebrew/bin/python3 -I ./.vscode-server/extensions/ms-python.python-2024.6.0/python_files/get_output_via_markers.py ./.vscode-server/extensions/ms-python.python-2024.6.0/python_files/interpreterInfo.py
2024-06-03 07:00:16.393 [error] [Error: Command failed: /opt/homebrew/bin/python3 -I /home/ubuntu/.vscode-server/extensions/ms-python.python-2024.6.0/python_files/get_output_via_markers.py /home/ubuntu/.vscode-server/extensions/ms-python.python-2024.6.0/python_files/interpreterInfo.py
/bin/sh: 1: /opt/homebrew/bin/python3: not found

	at ChildProcess.exithandler (node:child_process:422:12)
	at ChildProcess.emit (node:events:529:35)
	at maybeClose (node:internal/child_process:1098:16)
	at Socket.<anonymous> (node:internal/child_process:450:11)
	at Socket.emit (node:events:517:28)
	at Pipe.<anonymous> (node:net:350:12)] {
  code: 127,
  killed: false,
  signal: null,
  cmd: '/opt/homebrew/bin/python3 -I /home/ubuntu/.vscode-server/extensions/ms-python.python-2024.6.0/python_files/get_output_via_markers.py /home/ubuntu/.vscode-server/extensions/ms-python.python-2024.6.0/python_files/interpreterInfo.py'
}
2024-06-03 07:00:16.428 [info] > ./e2e_venv/bin/python -I ./.vscode-server/extensions/ms-python.python-2024.6.0/python_files/get_output_via_markers.py ./.vscode-server/extensions/ms-python.python-2024.6.0/python_files/interpreterInfo.py
2024-06-03 07:00:18.418 [info] > /opt/homebrew/bin/python3 -I ./.vscode-server/extensions/ms-python.python-2024.6.0/python_files/get_output_via_markers.py ./.vscode-server/extensions/ms-python.python-2024.6.0/python_files/interpreterInfo.py
2024-06-03 07:00:18.420 [error] [Error: Command failed: /opt/homebrew/bin/python3 -I /home/ubuntu/.vscode-server/extensions/ms-python.python-2024.6.0/python_files/get_output_via_markers.py /home/ubuntu/.vscode-server/extensions/ms-python.python-2024.6.0/python_files/interpreterInfo.py
/bin/sh: 1: /opt/homebrew/bin/python3: not found

	at ChildProcess.exithandler (node:child_process:422:12)
	at ChildProcess.emit (node:events:529:35)
	at maybeClose (node:internal/child_process:1098:16)
	at Socket.<anonymous> (node:internal/child_process:450:11)
	at Socket.emit (node:events:517:28)
	at Pipe.<anonymous> (node:net:350:12)] {
  code: 127,
  killed: false,
  signal: null,
  cmd: '/opt/homebrew/bin/python3 -I /home/ubuntu/.vscode-server/extensions/ms-python.python-2024.6.0/python_files/get_output_via_markers.py /home/ubuntu/.vscode-server/extensions/ms-python.python-2024.6.0/python_files/interpreterInfo.py'
}
2024-06-03 07:00:18.426 [warning] Failed to check if /opt/homebrew/bin/python3 is an executable [Error: ENOENT: no such file or directory, lstat '/opt/homebrew/bin/python3'] {
  errno: -2,
  code: 'ENOENT',
  syscall: 'lstat',
  path: '/opt/homebrew/bin/python3'
}
2024-06-03 07:00:18.435 [info] > pyenv which python
2024-06-03 07:00:18.435 [info] cwd: .
2024-06-03 07:00:18.457 [warning] Identifier for virt-virtualenv failed to identify /opt/homebrew/bin/python3 [Error: ENOENT: no such file or directory, scandir '/opt/homebrew/bin'] {
  errno: -2,
  code: 'ENOENT',
  syscall: 'scandir',
  path: '/opt/homebrew/bin'
}
2024-06-03 07:00:18.488 [warning] Failed to check if /opt/homebrew/bin/python3 is an executable [Error: ENOENT: no such file or directory, lstat '/opt/homebrew/bin/python3'] {
  errno: -2,
  code: 'ENOENT',
  syscall: 'lstat',
  path: '/opt/homebrew/bin/python3'
}
2024-06-03 07:00:18.488 [warning] Failed to check if /opt/homebrew/bin/python3 is an executable [Error: ENOENT: no such file or directory, lstat '/opt/homebrew/bin/python3'] {
  errno: -2,
  code: 'ENOENT',
  syscall: 'lstat',
  path: '/opt/homebrew/bin/python3'
}
2024-06-03 07:00:18.490 [warning] Identifier for virt-virtualenv failed to identify /opt/homebrew/bin/python3 [Error: ENOENT: no such file or directory, scandir '/opt/homebrew/bin'] {
  errno: -2,
  code: 'ENOENT',
  syscall: 'scandir',
  path: '/opt/homebrew/bin'
}
2024-06-03 07:00:18.490 [warning] Identifier for virt-virtualenv failed to identify /opt/homebrew/bin/python3 [Error: ENOENT: no such file or directory, scandir '/opt/homebrew/bin'] {
  errno: -2,
  code: 'ENOENT',
  syscall: 'scandir',
  path: '/opt/homebrew/bin'
}
2024-06-03 07:00:18.554 [warning] Failed to check if /opt/homebrew/bin/python3 is an executable [Error: ENOENT: no such file or directory, lstat '/opt/homebrew/bin/python3'] {
  errno: -2,
  code: 'ENOENT',
  syscall: 'lstat',
  path: '/opt/homebrew/bin/python3'
}
2024-06-03 07:00:18.555 [warning] Identifier for virt-virtualenv failed to identify /opt/homebrew/bin/python3 [Error: ENOENT: no such file or directory, scandir '/opt/homebrew/bin'] {
  errno: -2,
  code: 'ENOENT',
  syscall: 'scandir',
  path: '/opt/homebrew/bin'
}
2024-06-03 07:00:19.768 [info] Starting Pylance language server.
2024-06-03 07:00:19.772 [warning] Failed to check if /opt/homebrew/bin/python3 is an executable [Error: ENOENT: no such file or directory, lstat '/opt/homebrew/bin/python3'] {
  errno: -2,
  code: 'ENOENT',
  syscall: 'lstat',
  path: '/opt/homebrew/bin/python3'
}
2024-06-03 07:00:19.781 [warning] Failed to check if /opt/homebrew/bin/python3 is an executable [Error: ENOENT: no such file or directory, lstat '/opt/homebrew/bin/python3'] {
  errno: -2,
  code: 'ENOENT',
  syscall: 'lstat',
  path: '/opt/homebrew/bin/python3'
}
2024-06-03 07:00:19.782 [warning] Identifier for virt-virtualenv failed to identify /opt/homebrew/bin/python3 [Error: ENOENT: no such file or directory, scandir '/opt/homebrew/bin'] {
  errno: -2,
  code: 'ENOENT',
  syscall: 'scandir',
  path: '/opt/homebrew/bin'
}
2024-06-03 07:00:19.784 [warning] Identifier for virt-virtualenv failed to identify /opt/homebrew/bin/python3 [Error: ENOENT: no such file or directory, scandir '/opt/homebrew/bin'] {
  errno: -2,
  code: 'ENOENT',
  syscall: 'scandir',
  path: '/opt/homebrew/bin'
}
2024-06-03 07:00:19.789 [warning] Failed to check if /opt/homebrew/bin/python3 is an executable [Error: ENOENT: no such file or directory, lstat '/opt/homebrew/bin/python3'] {
  errno: -2,
  code: 'ENOENT',
  syscall: 'lstat',
  path: '/opt/homebrew/bin/python3'
}
2024-06-03 07:00:19.791 [warning] Identifier for virt-virtualenv failed to identify /opt/homebrew/bin/python3 [Error: ENOENT: no such file or directory, scandir '/opt/homebrew/bin'] {
  errno: -2,
  code: 'ENOENT',
  syscall: 'scandir',
  path: '/opt/homebrew/bin'
}
2024-06-03 07:00:21.738 [warning] Failed to check if /opt/homebrew/bin/python3 is an executable [Error: ENOENT: no such file or directory, lstat '/opt/homebrew/bin/python3'] {
  errno: -2,
  code: 'ENOENT',
  syscall: 'lstat',
  path: '/opt/homebrew/bin/python3'
}
2024-06-03 07:00:21.740 [warning] Identifier for virt-virtualenv failed to identify /opt/homebrew/bin/python3 [Error: ENOENT: no such file or directory, scandir '/opt/homebrew/bin'] {
  errno: -2,
  code: 'ENOENT',
  syscall: 'scandir',
  path: '/opt/homebrew/bin'
}
2024-06-03 07:00:23.384 [info] Discover tests for workspace name: ubuntu - uri: /home/ubuntu/airflow/dags/myfirstdag.py
2024-06-03 07:01:03.246 [info] Discover tests for workspace name: ubuntu - uri: /home/ubuntu/airflow/dags/myfirstdag.py
2024-06-03 07:17:55.586 [warning] Failed to check if /opt/homebrew/bin/python3 is an executable [Error: ENOENT: no such file or directory, lstat '/opt/homebrew/bin/python3'] {
  errno: -2,
  code: 'ENOENT',
  syscall: 'lstat',
  path: '/opt/homebrew/bin/python3'
}
2024-06-03 07:17:55.669 [warning] Identifier for virt-virtualenv failed to identify /opt/homebrew/bin/python3 [Error: ENOENT: no such file or directory, scandir '/opt/homebrew/bin'] {
  errno: -2,
  code: 'ENOENT',
  syscall: 'scandir',
  path: '/opt/homebrew/bin'
}
2024-06-03 07:18:02.568 [warning] Failed to check if /opt/homebrew/bin/python3 is an executable [Error: ENOENT: no such file or directory, lstat '/opt/homebrew/bin/python3'] {
  errno: -2,
  code: 'ENOENT',
  syscall: 'lstat',
  path: '/opt/homebrew/bin/python3'
}
2024-06-03 07:18:02.572 [warning] Identifier for virt-virtualenv failed to identify /opt/homebrew/bin/python3 [Error: ENOENT: no such file or directory, scandir '/opt/homebrew/bin'] {
  errno: -2,
  code: 'ENOENT',
  syscall: 'scandir',
  path: '/opt/homebrew/bin'
}
2024-06-03 07:18:55.964 [info] Discover tests for workspace name: ubuntu - uri: /home/ubuntu/airflow/dags/myfirstdag.py
2024-06-03 07:22:20.723 [info] Discover tests for workspace name: ubuntu - uri: /home/ubuntu/airflow/dags/myfirstdag.py
2024-06-03 07:27:31.130 [info] Discover tests for workspace name: ubuntu - uri: /home/ubuntu/airflow/dags/myfirstdag.py
2024-06-03 07:28:07.509 [info] Discover tests for workspace name: ubuntu - uri: /home/ubuntu/airflow/dags/myfirstdag.py
2024-06-03 07:28:49.184 [info] Discover tests for workspace name: ubuntu - uri: /home/ubuntu/airflow/dags/myfirstdag.py
2024-06-03 07:28:56.435 [info] Discover tests for workspace name: ubuntu - uri: /home/ubuntu/airflow/dags/myfirstdag.py
2024-06-03 07:29:57.006 [info] Discover tests for workspace name: ubuntu - uri: /home/ubuntu/airflow/dags/myfirstdag.py
2024-06-03 07:30:13.172 [info] Discover tests for workspace name: ubuntu - uri: /home/ubuntu/airflow/dags/myfirstdag.py
2024-06-03 07:30:32.165 [info] Discover tests for workspace name: ubuntu - uri: /home/ubuntu/airflow/dags/myfirstdag.py
2024-06-03 07:31:38.008 [info] Discover tests for workspace name: ubuntu - uri: /home/ubuntu/airflow/dags/myfirstdag.py
2024-06-03 07:31:40.487 [info] Discover tests for workspace name: ubuntu - uri: /home/ubuntu/airflow/dags/myfirstdag.py
2024-06-03 07:31:58.436 [info] Discover tests for workspace name: ubuntu - uri: /home/ubuntu/airflow/dags/myfirstdag.py
2024-06-03 07:32:11.498 [info] Discover tests for workspace name: ubuntu - uri: /home/ubuntu/airflow/dags/myfirstdag.py
2024-06-03 07:33:17.767 [info] Discover tests for workspace name: ubuntu - uri: /home/ubuntu/airflow/dags/myfirstdag.py
2024-06-03 07:33:19.696 [info] Discover tests for workspace name: ubuntu - uri: /home/ubuntu/airflow/dags/myfirstdag.py
2024-06-03 07:33:25.238 [info] Discover tests for workspace name: ubuntu - uri: /home/ubuntu/airflow/dags/myfirstdag.py
2024-06-03 07:34:13.031 [info] Discover tests for workspace name: ubuntu - uri: /home/ubuntu/airflow/dags/myfirstdag.py
2024-06-03 07:34:16.845 [warning] Failed to check if /opt/homebrew/bin/python3 is an executable [Error: ENOENT: no such file or directory, lstat '/opt/homebrew/bin/python3'] {
  errno: -2,
  code: 'ENOENT',
  syscall: 'lstat',
  path: '/opt/homebrew/bin/python3'
}
2024-06-03 07:34:16.847 [warning] Identifier for virt-virtualenv failed to identify /opt/homebrew/bin/python3 [Error: ENOENT: no such file or directory, scandir '/opt/homebrew/bin'] {
  errno: -2,
  code: 'ENOENT',
  syscall: 'scandir',
  path: '/opt/homebrew/bin'
}
2024-06-03 07:34:37.534 [info] Discover tests for workspace name: ubuntu - uri: /home/ubuntu/airflow/dags/myfirstdag.py
2024-06-03 07:34:47.584 [info] Discover tests for workspace name: ubuntu - uri: /home/ubuntu/airflow/dags/myfirstdag.py
2024-06-03 07:39:08.270 [info] Discover tests for workspace name: ubuntu - uri: /home/ubuntu/airflow/dags/myfirstdag.py
2024-06-03 07:39:09.511 [info] Discover tests for workspace name: ubuntu - uri: /home/ubuntu/airflow/dags/myfirstdag.py
2024-06-03 07:39:41.133 [warning] Failed to check if /opt/homebrew/bin/python3 is an executable [Error: ENOENT: no such file or directory, lstat '/opt/homebrew/bin/python3'] {
  errno: -2,
  code: 'ENOENT',
  syscall: 'lstat',
  path: '/opt/homebrew/bin/python3'
}
2024-06-03 07:39:41.147 [warning] Identifier for virt-virtualenv failed to identify /opt/homebrew/bin/python3 [Error: ENOENT: no such file or directory, scandir '/opt/homebrew/bin'] {
  errno: -2,
  code: 'ENOENT',
  syscall: 'scandir',
  path: '/opt/homebrew/bin'
}
2024-06-03 07:39:48.317 [warning] Failed to check if /opt/homebrew/bin/python3 is an executable [Error: ENOENT: no such file or directory, lstat '/opt/homebrew/bin/python3'] {
  errno: -2,
  code: 'ENOENT',
  syscall: 'lstat',
  path: '/opt/homebrew/bin/python3'
}
2024-06-03 07:39:48.322 [warning] Identifier for virt-virtualenv failed to identify /opt/homebrew/bin/python3 [Error: ENOENT: no such file or directory, scandir '/opt/homebrew/bin'] {
  errno: -2,
  code: 'ENOENT',
  syscall: 'scandir',
  path: '/opt/homebrew/bin'
}
2024-06-03 07:39:51.210 [warning] Failed to check if /opt/homebrew/bin/python3 is an executable [Error: ENOENT: no such file or directory, lstat '/opt/homebrew/bin/python3'] {
  errno: -2,
  code: 'ENOENT',
  syscall: 'lstat',
  path: '/opt/homebrew/bin/python3'
}
2024-06-03 07:39:51.217 [warning] Identifier for virt-virtualenv failed to identify /opt/homebrew/bin/python3 [Error: ENOENT: no such file or directory, scandir '/opt/homebrew/bin'] {
  errno: -2,
  code: 'ENOENT',
  syscall: 'scandir',
  path: '/opt/homebrew/bin'
}
2024-06-03 07:39:55.060 [warning] Failed to check if /opt/homebrew/bin/python3 is an executable [Error: ENOENT: no such file or directory, lstat '/opt/homebrew/bin/python3'] {
  errno: -2,
  code: 'ENOENT',
  syscall: 'lstat',
  path: '/opt/homebrew/bin/python3'
}
2024-06-03 07:39:55.064 [warning] Identifier for virt-virtualenv failed to identify /opt/homebrew/bin/python3 [Error: ENOENT: no such file or directory, scandir '/opt/homebrew/bin'] {
  errno: -2,
  code: 'ENOENT',
  syscall: 'scandir',
  path: '/opt/homebrew/bin'
}
2024-06-03 07:48:53.541 [warning] Failed to check if /opt/homebrew/bin/python3 is an executable [Error: ENOENT: no such file or directory, lstat '/opt/homebrew/bin/python3'] {
  errno: -2,
  code: 'ENOENT',
  syscall: 'lstat',
  path: '/opt/homebrew/bin/python3'
}
2024-06-03 07:48:53.543 [warning] Identifier for virt-virtualenv failed to identify /opt/homebrew/bin/python3 [Error: ENOENT: no such file or directory, scandir '/opt/homebrew/bin'] {
  errno: -2,
  code: 'ENOENT',
  syscall: 'scandir',
  path: '/opt/homebrew/bin'
}
2024-06-03 07:51:11.547 [info] Discover tests for workspace name: ubuntu - uri: /home/ubuntu/airflow/dags/myfirstdag.py
2024-06-03 07:54:16.552 [info] Discover tests for workspace name: ubuntu - uri: /home/ubuntu/airflow/dags/myfirstdag.py
2024-06-03 07:54:18.387 [info] Discover tests for workspace name: ubuntu - uri: /home/ubuntu/airflow/dags/myfirstdag.py
2024-06-03 07:54:30.154 [info] Discover tests for workspace name: ubuntu - uri: /home/ubuntu/airflow/dags/myfirstdag.py
2024-06-03 07:54:39.452 [info] Discover tests for workspace name: ubuntu - uri: /home/ubuntu/airflow/dags/myfirstdag.py
2024-06-03 07:55:09.197 [info] Discover tests for workspace name: ubuntu - uri: /home/ubuntu/airflow/dags/myfirstdag.py
2024-06-03 07:55:18.222 [info] Discover tests for workspace name: ubuntu - uri: /home/ubuntu/airflow/dags/myfirstdag.py
2024-06-03 07:55:26.632 [info] Discover tests for workspace name: ubuntu - uri: /home/ubuntu/airflow/dags/myfirstdag.py
2024-06-03 08:10:07.122 [warning] Failed to check if /opt/homebrew/bin/python3 is an executable [Error: ENOENT: no such file or directory, lstat '/opt/homebrew/bin/python3'] {
  errno: -2,
  code: 'ENOENT',
  syscall: 'lstat',
  path: '/opt/homebrew/bin/python3'
}
2024-06-03 08:10:07.128 [warning] Identifier for virt-virtualenv failed to identify /opt/homebrew/bin/python3 [Error: ENOENT: no such file or directory, scandir '/opt/homebrew/bin'] {
  errno: -2,
  code: 'ENOENT',
  syscall: 'scandir',
  path: '/opt/homebrew/bin'
}
2024-06-03 09:06:32.549 [warning] Failed to check if /opt/homebrew/bin/python3 is an executable [Error: ENOENT: no such file or directory, lstat '/opt/homebrew/bin/python3'] {
  errno: -2,
  code: 'ENOENT',
  syscall: 'lstat',
  path: '/opt/homebrew/bin/python3'
}
2024-06-03 09:06:32.551 [warning] Identifier for virt-virtualenv failed to identify /opt/homebrew/bin/python3 [Error: ENOENT: no such file or directory, scandir '/opt/homebrew/bin'] {
  errno: -2,
  code: 'ENOENT',
  syscall: 'scandir',
  path: '/opt/homebrew/bin'
}
2024-06-03 09:06:32.754 [warning] Failed to check if /opt/homebrew/bin/python3 is an executable [Error: ENOENT: no such file or directory, lstat '/opt/homebrew/bin/python3'] {
  errno: -2,
  code: 'ENOENT',
  syscall: 'lstat',
  path: '/opt/homebrew/bin/python3'
}
2024-06-03 09:06:32.758 [warning] Identifier for virt-virtualenv failed to identify /opt/homebrew/bin/python3 [Error: ENOENT: no such file or directory, scandir '/opt/homebrew/bin'] {
  errno: -2,
  code: 'ENOENT',
  syscall: 'scandir',
  path: '/opt/homebrew/bin'
}
2024-06-03 09:06:35.400 [warning] Failed to check if /opt/homebrew/bin/python3 is an executable [Error: ENOENT: no such file or directory, lstat '/opt/homebrew/bin/python3'] {
  errno: -2,
  code: 'ENOENT',
  syscall: 'lstat',
  path: '/opt/homebrew/bin/python3'
}
2024-06-03 09:06:35.404 [warning] Identifier for virt-virtualenv failed to identify /opt/homebrew/bin/python3 [Error: ENOENT: no such file or directory, scandir '/opt/homebrew/bin'] {
  errno: -2,
  code: 'ENOENT',
  syscall: 'scandir',
  path: '/opt/homebrew/bin'
}
2024-06-03 09:06:39.106 [warning] Failed to check if /opt/homebrew/bin/python3 is an executable [Error: ENOENT: no such file or directory, lstat '/opt/homebrew/bin/python3'] {
  errno: -2,
  code: 'ENOENT',
  syscall: 'lstat',
  path: '/opt/homebrew/bin/python3'
}
2024-06-03 09:06:39.112 [warning] Identifier for virt-virtualenv failed to identify /opt/homebrew/bin/python3 [Error: ENOENT: no such file or directory, scandir '/opt/homebrew/bin'] {
  errno: -2,
  code: 'ENOENT',
  syscall: 'scandir',
  path: '/opt/homebrew/bin'
}
2024-06-03 09:06:59.127 [warning] Failed to check if /opt/homebrew/bin/python3 is an executable [Error: ENOENT: no such file or directory, lstat '/opt/homebrew/bin/python3'] {
  errno: -2,
  code: 'ENOENT',
  syscall: 'lstat',
  path: '/opt/homebrew/bin/python3'
}
2024-06-03 09:06:59.130 [warning] Identifier for virt-virtualenv failed to identify /opt/homebrew/bin/python3 [Error: ENOENT: no such file or directory, scandir '/opt/homebrew/bin'] {
  errno: -2,
  code: 'ENOENT',
  syscall: 'scandir',
  path: '/opt/homebrew/bin'
}
2024-06-03 09:07:06.164 [info] Discover tests for workspace name: ubuntu - uri: /home/ubuntu/airflow/lambda_fn_landing_to_intermediate.py
2024-06-03 09:09:01.179 [info] Discover tests for workspace name: ubuntu - uri: /home/ubuntu/airflow/lambda_fn_landing_to_intermediate.py
2024-06-03 09:23:14.389 [warning] Failed to check if /opt/homebrew/bin/python3 is an executable [Error: ENOENT: no such file or directory, lstat '/opt/homebrew/bin/python3'] {
  errno: -2,
  code: 'ENOENT',
  syscall: 'lstat',
  path: '/opt/homebrew/bin/python3'
}
2024-06-03 09:23:14.395 [warning] Identifier for virt-virtualenv failed to identify /opt/homebrew/bin/python3 [Error: ENOENT: no such file or directory, scandir '/opt/homebrew/bin'] {
  errno: -2,
  code: 'ENOENT',
  syscall: 'scandir',
  path: '/opt/homebrew/bin'
}
2024-06-03 09:23:16.558 [info] Discover tests for workspace name: ubuntu - uri: /home/ubuntu/airflow/csv_conversion.py
2024-06-03 09:24:38.215 [warning] Failed to check if /opt/homebrew/bin/python3 is an executable [Error: ENOENT: no such file or directory, lstat '/opt/homebrew/bin/python3'] {
  errno: -2,
  code: 'ENOENT',
  syscall: 'lstat',
  path: '/opt/homebrew/bin/python3'
}
2024-06-03 09:24:38.216 [warning] Identifier for virt-virtualenv failed to identify /opt/homebrew/bin/python3 [Error: ENOENT: no such file or directory, scandir '/opt/homebrew/bin'] {
  errno: -2,
  code: 'ENOENT',
  syscall: 'scandir',
  path: '/opt/homebrew/bin'
}
