[2024-06-03T08:47:35.067+0000] {local_task_job_runner.py:120} INFO - ::group::Pre task execution logs
[2024-06-03T08:47:35.084+0000] {taskinstance.py:2076} INFO - Dependencies all met for dep_context=non-requeueable deps ti=<TaskInstance: my_first_dag.tsk_send_file_to_s3 manual__2024-06-03T08:47:28.085160+00:00 [queued]>
[2024-06-03T08:47:35.090+0000] {taskinstance.py:2076} INFO - Dependencies all met for dep_context=requeueable deps ti=<TaskInstance: my_first_dag.tsk_send_file_to_s3 manual__2024-06-03T08:47:28.085160+00:00 [queued]>
[2024-06-03T08:47:35.090+0000] {taskinstance.py:2306} INFO - Starting attempt 1 of 3
[2024-06-03T08:47:35.106+0000] {taskinstance.py:2330} INFO - Executing <Task(BashOperator): tsk_send_file_to_s3> on 2024-06-03 08:47:28.085160+00:00
[2024-06-03T08:47:35.110+0000] {standard_task_runner.py:63} INFO - Started process 5190 to run task
[2024-06-03T08:47:35.113+0000] {standard_task_runner.py:90} INFO - Running: ['airflow', 'tasks', 'run', 'my_first_dag', 'tsk_send_file_to_s3', 'manual__2024-06-03T08:47:28.085160+00:00', '--job-id', '35', '--raw', '--subdir', 'DAGS_FOLDER/myfirstdag.py', '--cfg-path', '/tmp/tmpfd10pyly']
[2024-06-03T08:47:35.114+0000] {standard_task_runner.py:91} INFO - Job 35: Subtask tsk_send_file_to_s3
[2024-06-03T08:47:35.153+0000] {task_command.py:426} INFO - Running <TaskInstance: my_first_dag.tsk_send_file_to_s3 manual__2024-06-03T08:47:28.085160+00:00 [running]> on host ip-172-31-35-145.ap-southeast-1.compute.internal
[2024-06-03T08:47:35.230+0000] {taskinstance.py:2648} INFO - Exporting env vars: AIRFLOW_CTX_DAG_EMAIL='airflow@example.com' AIRFLOW_CTX_DAG_OWNER='jeqiu' AIRFLOW_CTX_DAG_ID='my_first_dag' AIRFLOW_CTX_TASK_ID='tsk_send_file_to_s3' AIRFLOW_CTX_EXECUTION_DATE='2024-06-03T08:47:28.085160+00:00' AIRFLOW_CTX_TRY_NUMBER='1' AIRFLOW_CTX_DAG_RUN_ID='manual__2024-06-03T08:47:28.085160+00:00'
[2024-06-03T08:47:35.231+0000] {taskinstance.py:430} INFO - ::endgroup::
[2024-06-03T08:47:35.244+0000] {subprocess.py:63} INFO - Tmp dir root location: /tmp
[2024-06-03T08:47:35.245+0000] {subprocess.py:75} INFO - Running command: ['/usr/bin/bash', '-c', 'aws s3 mv /home/ubuntu/response_data_03062024084731.json s3://jqiu-landing-zone-first-dag-project']
[2024-06-03T08:47:35.252+0000] {subprocess.py:86} INFO - Output:
[2024-06-03T08:47:36.678+0000] {subprocess.py:93} INFO - Completed 55.8 KiB/55.8 KiB (61.9 KiB/s) with 1 file(s) remainingmove: ../../home/ubuntu/response_data_03062024084731.json to s3://jqiu-landing-zone-first-dag-project/response_data_03062024084731.json
[2024-06-03T08:47:36.749+0000] {subprocess.py:97} INFO - Command exited with return code 0
[2024-06-03T08:47:36.750+0000] {taskinstance.py:441} INFO - ::group::Post task execution logs
[2024-06-03T08:47:36.781+0000] {taskinstance.py:1206} INFO - Marking task as SUCCESS. dag_id=my_first_dag, task_id=tsk_send_file_to_s3, run_id=manual__2024-06-03T08:47:28.085160+00:00, execution_date=20240603T084728, start_date=20240603T084735, end_date=20240603T084736
[2024-06-03T08:47:36.934+0000] {local_task_job_runner.py:240} INFO - Task exited with return code 0
[2024-06-03T08:47:36.945+0000] {taskinstance.py:3498} INFO - 0 downstream tasks scheduled from follow-on schedule check
[2024-06-03T08:47:36.946+0000] {local_task_job_runner.py:222} INFO - ::endgroup::
